<?xml version="1.0" encoding="utf-8"?><testsuites><testsuite errors="0" failures="0" hostname="otok" name="pytest" skipped="0" tests="2" time="0.056" timestamp="2020-05-03T17:12:44.520646"><testcase classname="test_calculations.CalculationsTest" file="test_calculations.py" line="11" name="test_divide_contain_zero" time="0.001"></testcase><testcase classname="test_calculations.CalculationsTest" file="test_calculations.py" line="8" name="test_divide_normal" time="0.001"></testcase></testsuite></testsuites>